<?xml version="1.0" encoding="UTF-8"?>
<testng-results skipped="0" failed="0" ignored="0" total="7" passed="7">
  <reporter-output>
  </reporter-output>
  <suite name="End To End Automation " duration-ms="54135" started-at="2020-07-09T22:28:25Z" finished-at="2020-07-09T22:29:19Z">
    <groups>
    </groups>
    <test name="Verify if user is able to place order successfully" duration-ms="37490" started-at="2020-07-09T22:28:25Z" finished-at="2020-07-09T22:29:02Z">
      <class name="com.automationpractice.tests.EndToEndTestCases">
        <test-method status="PASS" signature="beforeSuite(java.lang.String)[pri:0, instance:com.automationpractice.tests.EndToEndTestCases@4cdbe50f]" name="beforeSuite" is-config="true" duration-ms="11115" started-at="2020-07-09T22:28:25Z" finished-at="2020-07-09T22:28:36Z">
          <params>
            <param index="0">
              <value>
                <![CDATA[Remote]]>
              </value>
            </param>
          </params>
          <reporter-output>
          </reporter-output>
        </test-method> <!-- beforeSuite -->
        <test-method status="PASS" signature="LoginWithValidCredentials(java.lang.String, java.lang.String)[pri:0, instance:com.automationpractice.tests.EndToEndTestCases@4cdbe50f]" name="LoginWithValidCredentials" duration-ms="8792" started-at="2020-07-09T22:28:36Z" finished-at="2020-07-09T22:28:45Z">
          <params>
            <param index="0">
              <value>
                <![CDATA[arunpanday777@gmail.com]]>
              </value>
            </param>
            <param index="1">
              <value>
                <![CDATA[Test@123]]>
              </value>
            </param>
          </params>
          <reporter-output>
          </reporter-output>
        </test-method> <!-- LoginWithValidCredentials -->
        <test-method status="PASS" signature="testAddProductToCart()[pri:0, instance:com.automationpractice.tests.EndToEndTestCases@4cdbe50f]" name="testAddProductToCart" duration-ms="5581" started-at="2020-07-09T22:28:45Z" depends-on-methods="com.automationpractice.tests.EndToEndTestCases.LoginWithValidCredentials" finished-at="2020-07-09T22:28:50Z">
          <reporter-output>
          </reporter-output>
        </test-method> <!-- testAddProductToCart -->
        <test-method status="PASS" signature="testForAddress()[pri:0, instance:com.automationpractice.tests.EndToEndTestCases@4cdbe50f]" name="testForAddress" duration-ms="1085" started-at="2020-07-09T22:28:50Z" depends-on-methods="com.automationpractice.tests.EndToEndTestCases.testAddProductToCart" finished-at="2020-07-09T22:28:52Z">
          <reporter-output>
          </reporter-output>
        </test-method> <!-- testForAddress -->
        <test-method status="PASS" signature="testForShipping()[pri:0, instance:com.automationpractice.tests.EndToEndTestCases@4cdbe50f]" name="testForShipping" duration-ms="1352" started-at="2020-07-09T22:28:52Z" depends-on-methods="com.automationpractice.tests.EndToEndTestCases.testForAddress" finished-at="2020-07-09T22:28:53Z">
          <reporter-output>
          </reporter-output>
        </test-method> <!-- testForShipping -->
        <test-method status="PASS" signature="testForPayment()[pri:0, instance:com.automationpractice.tests.EndToEndTestCases@4cdbe50f]" name="testForPayment" duration-ms="2066" started-at="2020-07-09T22:28:53Z" depends-on-methods="com.automationpractice.tests.EndToEndTestCases.testForShipping" finished-at="2020-07-09T22:28:55Z">
          <reporter-output>
          </reporter-output>
        </test-method> <!-- testForPayment -->
        <test-method status="PASS" signature="testForOrderConfirmation(java.lang.String)[pri:0, instance:com.automationpractice.tests.EndToEndTestCases@4cdbe50f]" name="testForOrderConfirmation" duration-ms="6258" started-at="2020-07-09T22:28:55Z" depends-on-methods="com.automationpractice.tests.EndToEndTestCases.testForPayment" finished-at="2020-07-09T22:29:01Z">
          <params>
            <param index="0">
              <value>
                <![CDATA[$18.51]]>
              </value>
            </param>
          </params>
          <reporter-output>
          </reporter-output>
        </test-method> <!-- testForOrderConfirmation -->
        <test-method status="PASS" signature="afterTest()[pri:0, instance:com.automationpractice.tests.EndToEndTestCases@4cdbe50f]" name="afterTest" is-config="true" duration-ms="1186" started-at="2020-07-09T22:29:01Z" finished-at="2020-07-09T22:29:02Z">
          <reporter-output>
          </reporter-output>
        </test-method> <!-- afterTest -->
      </class> <!-- com.automationpractice.tests.EndToEndTestCases -->
    </test> <!-- Verify if user is able to place order successfully -->
    <test name="Verify the functionality of Login feature" duration-ms="54135" started-at="2020-07-09T22:28:25Z" finished-at="2020-07-09T22:29:19Z">
      <class name="com.automationpractice.tests.LoginTest">
        <test-method status="PASS" signature="beforeSuite(java.lang.String)[pri:0, instance:com.automationpractice.tests.LoginTest@3b6eb2ec]" name="beforeSuite" is-config="true" duration-ms="42162" started-at="2020-07-09T22:28:25Z" finished-at="2020-07-09T22:29:07Z">
          <params>
            <param index="0">
              <value>
                <![CDATA[Remote]]>
              </value>
            </param>
          </params>
          <reporter-output>
          </reporter-output>
        </test-method> <!-- beforeSuite -->
        <test-method status="PASS" signature="testForLoginWithValidCredentials(java.lang.String, java.lang.String)[pri:0, instance:com.automationpractice.tests.LoginTest@3b6eb2ec]" name="testForLoginWithValidCredentials" duration-ms="10063" started-at="2020-07-09T22:29:07Z" finished-at="2020-07-09T22:29:17Z">
          <params>
            <param index="0">
              <value>
                <![CDATA[arunpanday777@gmail.com]]>
              </value>
            </param>
            <param index="1">
              <value>
                <![CDATA[Test@123]]>
              </value>
            </param>
          </params>
          <reporter-output>
          </reporter-output>
        </test-method> <!-- testForLoginWithValidCredentials -->
        <test-method status="PASS" signature="afterTest()[pri:0, instance:com.automationpractice.tests.LoginTest@3b6eb2ec]" name="afterTest" is-config="true" duration-ms="1906" started-at="2020-07-09T22:29:17Z" finished-at="2020-07-09T22:29:19Z">
          <reporter-output>
          </reporter-output>
        </test-method> <!-- afterTest -->
      </class> <!-- com.automationpractice.tests.LoginTest -->
    </test> <!-- Verify the functionality of Login feature -->
  </suite> <!-- End To End Automation  -->
</testng-results>
