<?xml version="1.0" encoding="UTF-8"?>
<testng-results skipped="0" failed="0" ignored="0" total="1" passed="1">
  <reporter-output>
  </reporter-output>
  <suite name="Test Devexpress Website " duration-ms="8834" started-at="2020-07-09T22:28:25Z" finished-at="2020-07-09T22:28:34Z">
    <groups>
    </groups>
    <test name="Test for Feedback Page" duration-ms="8834" started-at="2020-07-09T22:28:25Z" finished-at="2020-07-09T22:28:34Z">
      <class name="com.devexpress.tests.FeedbackTest">
        <test-method status="PASS" signature="beforeSuite(java.lang.String)[pri:0, instance:com.devexpress.tests.FeedbackTest@1fbc7afb]" name="beforeSuite" is-config="true" duration-ms="4133" started-at="2020-07-09T22:28:25Z" finished-at="2020-07-09T22:28:29Z">
          <params>
            <param index="0">
              <value>
                <![CDATA[Remote]]>
              </value>
            </param>
          </params>
          <reporter-output>
          </reporter-output>
        </test-method> <!-- beforeSuite -->
        <test-method status="PASS" signature="testForFeedback(java.lang.String, java.lang.String, java.lang.String, java.lang.String)[pri:0, instance:com.devexpress.tests.FeedbackTest@1fbc7afb]" name="testForFeedback" duration-ms="4501" started-at="2020-07-09T22:28:29Z" finished-at="2020-07-09T22:28:34Z">
          <params>
            <param index="0">
              <value>
                <![CDATA[Arun]]>
              </value>
            </param>
            <param index="1">
              <value>
                <![CDATA[arunpanday777@gmail.com]]>
              </value>
            </param>
            <param index="2">
              <value>
                <![CDATA[Test Subject]]>
              </value>
            </param>
            <param index="3">
              <value>
                <![CDATA[Test comments]]>
              </value>
            </param>
          </params>
          <reporter-output>
          </reporter-output>
        </test-method> <!-- testForFeedback -->
        <test-method status="PASS" signature="afterTest()[pri:0, instance:com.devexpress.tests.FeedbackTest@1fbc7afb]" name="afterTest" is-config="true" duration-ms="168" started-at="2020-07-09T22:28:34Z" finished-at="2020-07-09T22:28:34Z">
          <reporter-output>
          </reporter-output>
        </test-method> <!-- afterTest -->
      </class> <!-- com.devexpress.tests.FeedbackTest -->
    </test> <!-- Test for Feedback Page -->
  </suite> <!-- Test Devexpress Website  -->
</testng-results>
